Express server listening on port 3000
[90mGET /recordCamera [32m200 [90m65ms - 4b[0m
[90mGET /index.html [32m200 [90m60ms - 2.3kb[0m
[90mGET /css/style.css [36m304 [90m12ms[0m
[90mGET /js/libraries/angular-resource.min.js [36m304 [90m3ms[0m
[90mGET /css/magnific-popup.css [36m304 [90m2ms[0m
[90mGET /js/jquery.magnific-popup.js [36m304 [90m6ms[0m
[90mGET /js/libraries/angular-route.min.js [36m304 [90m6ms[0m
[90mGET /css/colorbox.css [36m304 [90m3ms[0m
[90mGET /js/libraries/angular.js [36m304 [90m19ms[0m
[90mGET /js/jquery.min.js [36m304 [90m6ms[0m
[90mGET /js/libraries/angular-local-storage.js [36m304 [90m2ms[0m
[90mGET /js/controllers/app.js [36m304 [90m3ms[0m
[90mGET /js/controllers/controllers.js [36m304 [90m6ms[0m
[90mGET /js/controllers/main.js [36m304 [90m5ms[0m
[90mGET /js/controllers/camera.js [36m304 [90m9ms[0m
[90mGET /js/controllers/vwalk.js [36m304 [90m7ms[0m
[90mGET /js/directives/onfinishrender.js [36m304 [90m8ms[0m
[90mGET /partials/header.html [36m304 [90m3ms[0m
[90mGET /partials/footer.html [36m304 [90m7ms[0m
[90mGET /partials/camera/camera.html [36m304 [90m3ms[0m
[90mGET /images/logo.png [36m304 [90m2ms[0m
[90mGET /images/address.png [36m304 [90m10ms[0m
[90mGET /images/phone.png [36m304 [90m11ms[0m
[90mGET /images/nomoney.png [36m304 [90m10ms[0m
[90mGET /images/agreement.png [36m304 [90m6ms[0m
[90mGET /images/camera.png [36m304 [90m7ms[0m
[90mGET /images/msg.png [36m304 [90m2ms[0m
[90mGET /images/arrow-upleft.png [36m304 [90m2ms[0m
[90mGET /images/arrow-upright.png [36m304 [90m12ms[0m
[90mGET /images/arrow-up.png [36m304 [90m7ms[0m
[90mGET /images/arrow-left.png [36m304 [90m7ms[0m
[90mGET /js/jquery.wmuSlider.js?_=1410731173323 [32m200 [90m14ms - 11.52kb[0m
[90mGET /images/arrow-right.png [36m304 [90m13ms[0m
[90mGET /images/arrow-default.png [36m304 [90m9ms[0m
[90mGET /images/arrow-downleft.png [36m304 [90m8ms[0m
[90mGET /images/arrow-downright.png [36m304 [90m3ms[0m
[90mGET /images/arrow-down.png [36m304 [90m4ms[0m
[90mGET /images/camera2.png [36m304 [90m1ms[0m
[90mGET /images/img-sprite.png [36m304 [90m3ms[0m
[90mGET /images/email.png [36m304 [90m3ms[0m
[90mGET /images/nobanner.jpg [36m304 [90m1ms[0m
